<?xml version="1.0" encoding="UTF-8"?>
<testng-results skipped="0" failed="0" ignored="0" total="1" passed="1">
  <reporter-output>
  </reporter-output>
  <suite name="Default suite" duration-ms="31109" started-at="2022-08-03T09:46:58 IST" finished-at="2022-08-03T09:47:29 IST">
    <groups>
    </groups>
    <test name="Default test" duration-ms="31109" started-at="2022-08-03T09:46:58 IST" finished-at="2022-08-03T09:47:29 IST">
      <class name="Runner.Hotelsrunner">
        <test-method status="PASS" signature="InitializeBrowser()[pri:0, instance:Runner.Hotelsrunner@67b467e9]" name="InitializeBrowser" is-config="true" duration-ms="11235" started-at="2022-08-03T09:46:47 IST" finished-at="2022-08-03T09:46:58 IST">
          <reporter-output>
          </reporter-output>
        </test-method> <!-- InitializeBrowser -->
        <test-method status="PASS" signature="hotelRunner()[pri:0, instance:Runner.Hotelsrunner@67b467e9]" name="hotelRunner" duration-ms="31068" started-at="2022-08-03T09:46:58 IST" finished-at="2022-08-03T09:47:29 IST">
          <reporter-output>
          </reporter-output>
        </test-method> <!-- hotelRunner -->
      </class> <!-- Runner.Hotelsrunner -->
    </test> <!-- Default test -->
  </suite> <!-- Default suite -->
</testng-results>
